Build started 02.12.2017 2:56:32.
     1>Project "C:\Users\Анастасия\Documents\Visual Studio 2013\Projects\KR\KR\KR.vcxproj" on node 2 (Build target(s)).
     1>ClCompile:
         C:\Program Files (x86)\Microsoft Visual Studio 12.0\VC\bin\CL.exe /c /I"C:\SFML-2.4.2\include" /Zi /nologo /W3 /WX- /sdl /O2 /Oi /Oy- /GL /D SFML_DYNAMIC /D WIN32 /D NDEBUG /D _CONSOLE /D _LIB /D _UNICODE /D UNICODE /Gm- /EHsc /MD /GS /Gy /fp:precise /Zc:wchar_t /Zc:forScope /Fo"Release\\" /Fd"Release\vc120.pdb" /Gd /TP /analyze- /errorReport:prompt Car.cpp Crash.cpp FunctionForMain.cpp Main.cpp Map.cpp RoadSign.cpp TrafficLight.cpp View.cpp
         Car.cpp
     1>Car.cpp(16): warning C4244: 'argument' : conversion from 'time_t' to 'unsigned int', possible loss of data
     1>Car.cpp(69): warning C4244: 'argument' : conversion from 'int' to 'float', possible loss of data
     1>Car.cpp(136): warning C4244: 'initializing' : conversion from 'double' to 'int', possible loss of data
     1>Car.cpp(160): warning C4018: '<' : signed/unsigned mismatch
     1>Car.cpp(250): warning C4244: 'argument' : conversion from 'time_t' to 'unsigned int', possible loss of data
     1>Car.cpp(270): warning C4244: 'argument' : conversion from 'int' to 'float', possible loss of data
     1>Car.cpp(295): warning C4244: 'return' : conversion from 'double' to 'int', possible loss of data
         Crash.cpp
     1>Crash.cpp(16): warning C4244: 'argument' : conversion from 'int' to 'float', possible loss of data
     1>Crash.cpp(17): warning C4244: 'argument' : conversion from 'int' to 'float', possible loss of data
     1>Crash.cpp(25): warning C4244: 'argument' : conversion from 'int' to 'float', possible loss of data
     1>Crash.cpp(26): warning C4244: 'argument' : conversion from 'int' to 'float', possible loss of data
     1>Crash.cpp(40): warning C4244: 'argument' : conversion from 'int' to 'float', possible loss of data
     1>Crash.cpp(41): warning C4244: 'argument' : conversion from 'int' to 'float', possible loss of data
     1>Crash.cpp(42): warning C4244: 'argument' : conversion from 'int' to 'float', possible loss of data
     1>Crash.cpp(43): warning C4244: 'argument' : conversion from 'int' to 'float', possible loss of data
     1>Crash.cpp(47): warning C4244: 'argument' : conversion from 'int' to 'float', possible loss of data
     1>Crash.cpp(48): warning C4244: 'argument' : conversion from 'int' to 'float', possible loss of data
     1>Crash.cpp(49): warning C4244: 'argument' : conversion from 'int' to 'float', possible loss of data
     1>Crash.cpp(50): warning C4244: 'argument' : conversion from 'int' to 'float', possible loss of data
         FunctionForMain.cpp
     1>FunctionForMain.cpp(34): warning C4018: '<=' : signed/unsigned mismatch
     1>FunctionForMain.cpp(37): warning C4244: 'argument' : conversion from 'time_t' to 'unsigned int', possible loss of data
     1>FunctionForMain.cpp(67): warning C4018: '>' : signed/unsigned mismatch
     1>FunctionForMain.cpp(67): warning C4018: '<' : signed/unsigned mismatch
     1>FunctionForMain.cpp(68): warning C4018: '>' : signed/unsigned mismatch
     1>FunctionForMain.cpp(95): warning C4018: '<' : signed/unsigned mismatch
     1>FunctionForMain.cpp(101): warning C4018: '<' : signed/unsigned mismatch
         Main.cpp
     1>Main.cpp(24): warning C4244: '=' : conversion from 'sf::Int64' to 'float', possible loss of data
         Map.cpp
     1>Map.cpp(207): warning C4244: 'argument' : conversion from 'int' to 'float', possible loss of data
         RoadSign.cpp
         TrafficLight.cpp
     1>TrafficLight.cpp(19): warning C4244: 'argument' : conversion from 'int' to 'float', possible loss of data
     1>TrafficLight.cpp(20): warning C4244: 'argument' : conversion from 'int' to 'float', possible loss of data
     1>TrafficLight.cpp(26): warning C4244: 'argument' : conversion from 'int' to 'float', possible loss of data
     1>TrafficLight.cpp(27): warning C4244: 'argument' : conversion from 'int' to 'float', possible loss of data
     1>TrafficLight.cpp(33): warning C4244: 'argument' : conversion from 'int' to 'float', possible loss of data
     1>TrafficLight.cpp(34): warning C4244: 'argument' : conversion from 'int' to 'float', possible loss of data
     1>TrafficLight.cpp(40): warning C4244: 'argument' : conversion from 'int' to 'float', possible loss of data
     1>TrafficLight.cpp(41): warning C4244: 'argument' : conversion from 'int' to 'float', possible loss of data
         View.cpp
     1>View.cpp(19): warning C4244: '=' : conversion from 'double' to 'float', possible loss of data
     1>View.cpp(26): warning C4244: '=' : conversion from 'double' to 'float', possible loss of data
     1>View.cpp(31): warning C4244: 'argument' : conversion from 'double' to 'float', possible loss of data
     1>View.cpp(66): warning C4244: 'argument' : conversion from 'double' to 'float', possible loss of data
     1>View.cpp(67): warning C4244: 'argument' : conversion from 'double' to 'float', possible loss of data
     1>View.cpp(72): warning C4244: 'argument' : conversion from 'double' to 'float', possible loss of data
       Link:
         C:\Program Files (x86)\Microsoft Visual Studio 12.0\VC\bin\link.exe /ERRORREPORT:PROMPT /OUT:"C:\Users\Анастасия\Documents\Visual Studio 2013\Projects\KR\Release\KR.exe" /INCREMENTAL:NO /NOLOGO /LIBPATH:"C:\SFML-2.4.2\lib" "sfml-graphics.lib" "sfml-window.lib" "sfml-system.lib" "sfml-audio.lib" kernel32.lib user32.lib gdi32.lib winspool.lib comdlg32.lib advapi32.lib shell32.lib ole32.lib oleaut32.lib uuid.lib odbc32.lib odbccp32.lib kernel32.lib user32.lib gdi32.lib winspool.lib comdlg32.lib advapi32.lib shell32.lib ole32.lib oleaut32.lib uuid.lib odbc32.lib odbccp32.lib /MANIFEST /MANIFESTUAC:"level='asInvoker' uiAccess='false'" /manifest:embed /DEBUG /PDB:"C:\Users\Анастасия\Documents\Visual Studio 2013\Projects\KR\Release\KR.pdb" /SUBSYSTEM:CONSOLE /OPT:REF /OPT:ICF /LTCG /TLBID:1 /DYNAMICBASE /NXCOMPAT /IMPLIB:"C:\Users\Анастасия\Documents\Visual Studio 2013\Projects\KR\Release\KR.lib" /MACHINE:X86 /SAFESEH Release\KR.res
         Release\Car.obj
         Release\Crash.obj
         Release\FunctionForMain.obj
         Release\Main.obj
         Release\Map.obj
         Release\RoadSign.obj
         Release\TrafficLight.obj
         Release\View.obj
         Generating code
         Finished generating code
         KR.vcxproj -> C:\Users\Анастасия\Documents\Visual Studio 2013\Projects\KR\Release\KR.exe
     1>Done Building Project "C:\Users\Анастасия\Documents\Visual Studio 2013\Projects\KR\KR\KR.vcxproj" (Build target(s)).

Build succeeded.

Time Elapsed 00:00:20.18
